<?xml version="1.0" encoding="UTF-8"?>
<!-- Generated by org.testng.reporters.JUnitReportReporter -->
<testsuite hostname="DESKTOP-1D8BIFF" failures="0" tests="2" name="TestNg.AnnotationAttribute" time="205.083" errors="0" timestamp="2024-10-17T13:18:51 IST" skipped="0">
  <testcase classname="TestNg.AnnotationAttribute" name="register" time="191.770"/>
  <system-out>
    <![CDATA[register is successfuly]]>
  </system-out>
  <testcase classname="TestNg.AnnotationAttribute" name="login" time="13.313"/>
  <system-out>
    <![CDATA[login is successfuly]]>
  </system-out>
</testsuite> <!-- TestNg.AnnotationAttribute -->
