<?xml version="1.0" encoding="UTF-8"?>
<!-- Generated by org.testng.reporters.JUnitReportReporter -->
<testsuite hostname="DESKTOP-1D8BIFF" failures="0" tests="3" name="TestNg.DependsOnMethods" time="20.328" errors="0" timestamp="2024-10-18T12:45:49 IST" skipped="0">
  <testcase classname="TestNg.DependsOnMethods" name="addToCart" time="6.192"/>
  <system-out>
    <![CDATA[Product added to cart is successfuly]]>
  </system-out>
  <testcase classname="TestNg.DependsOnMethods" name="register" time="7.307"/>
  <system-out>
    <![CDATA[Register is successfuly]]>
  </system-out>
  <testcase classname="TestNg.DependsOnMethods" name="login" time="6.829"/>
  <system-out>
    <![CDATA[Login is successfuly]]>
  </system-out>
</testsuite> <!-- TestNg.DependsOnMethods -->
