<?xml version="1.0" encoding="UTF-8"?>
<!-- Generated by org.testng.reporters.JUnitReportReporter -->
<testsuite hostname="DESKTOP-1D8BIFF" failures="0" tests="1" name="TestNg.Sample" time="0.042" errors="0" timestamp="2024-10-17T13:06:19 IST" skipped="0">
  <testcase classname="TestNg.Sample" name="sample" time="0.042"/>
  <system-out>
    <![CDATA[sample testcase executed]]>
  </system-out>
</testsuite> <!-- TestNg.Sample -->
