<?xml version="1.0" encoding="UTF-8"?>
<!-- Generated by org.testng.reporters.JUnitReportReporter -->
<testsuite hostname="DESKTOP-1D8BIFF" failures="0" tests="2" name="TestNg.ConfigurationAnnotation" time="0.031" errors="0" timestamp="2024-10-19T13:44:56 IST" skipped="0">
  <testcase classname="TestNg.ConfigurationAnnotation" name="sample" time="0.006"/>
  <system-out>
    <![CDATA[Sample test case is executed]]>
  </system-out>
  <testcase classname="TestNg.ConfigurationAnnotation" name="demo" time="0.025"/>
  <system-out>
    <![CDATA[@Test demo test case is executed]]>
  </system-out>
</testsuite> <!-- TestNg.ConfigurationAnnotation -->
