<?xml version="1.0" encoding="UTF-8"?>
<!-- Generated by org.testng.reporters.JUnitReportReporter -->
<testsuite hostname="DESKTOP-1D8BIFF" failures="0" tests="1" name="Listeners.TestScript" time="0.026" errors="0" timestamp="2024-11-05T13:38:07 IST" skipped="0">
  <testcase classname="Listeners.TestScript" name="login" time="0.026"/>
  <system-out>
    <![CDATA[Launch the browser
Navigate to URL
Click on login link
Enter valid crendentials
Click on login button
Test script is passed]]>
  </system-out>
</testsuite> <!-- Listeners.TestScript -->
